app/build/outputs/logs/manifest-merger-debug-report.txt
-- Merging decision tree log ---
manifest
ADDED from src\main\AndroidManifest.xml:2:1-370:12
INJECTED from src\main\AndroidManifest.xml:2:1-370:12
INJECTED from src\main\AndroidManifest.xml:2:1-370:12
INJECTED from src\main\AndroidManifest.xml:2:1-370:12
MERGED from [androidx.multidex:multidex:2.0.0] AndroidManifest.xml:17:1-22:12
MERGED from [com.ashokvarma.android:bottom-navigation-bar:1.3.1] AndroidManifest.xml:2:1-15:12
MERGED from [org.liang.library:jpermission:1.0.2] AndroidManifest.xml:2:1-18:12
MERGED from [com.ziyeyouhu:customizekeyboard:1.0.0] AndroidManifest.xml:2:1-17:12
MERGED from [com.trello.rxlifecycle3:rxlifecycle-components:3.0.0] AndroidManifest.xml:13:1-18:12
MERGED from [com.google.android.material:material:1.1.0-alpha04] AndroidManifest.xml:17:1-24:12
MERGED from [androidx.appcompat:appcompat:1.1.0-alpha03] AndroidManifest.xml:17:1-22:12
MERGED from [:IMKit] AndroidManifest.xml:2:1-109:12
MERGED from [androidx.legacy:legacy-support-v4:1.0.0-beta01] AndroidManifest.xml:17:1-22:12
MERGED from [com.trello.rxlifecycle3:rxlifecycle-android:3.0.0] AndroidManifest.xml:13:1-18:12
MERGED from [io.reactivex.rxjava2:rxandroid:2.1.1] AndroidManifest.xml:15:1-20:12
MERGED from [com.aliyun.dpa:oss-android-sdk:2.9.2] AndroidManifest.xml:2:1-22:12
MERGED from [androidx.recyclerview:recyclerview:1.1.0-alpha03] AndroidManifest.xml:17:1-22:12
MERGED from [androidx.cardview:cardview:1.0.0] AndroidManifest.xml:17:1-22:12
MERGED from [androidx.constraintlayout:constraintlayout:1.1.3] AndroidManifest.xml:2:1-11:12
MERGED from [com.blankj:utilcodex:1.23.7] AndroidManifest.xml:2:1-29:12
MERGED from [com.github.ybq:Android-SpinKit:1.2.0] AndroidManifest.xml:2:1-9:12
MERGED from [com.jakewharton:butterknife:10.0.0] AndroidManifest.xml:2:1-7:12
MERGED from [:IMLib] AndroidManifest.xml:2:1-70:12
MERGED from [com.github.bumptech.glide:glide:4.9.0] AndroidManifest.xml:2:1-12:12
MERGED from [top.zibin:Luban:1.1.3] AndroidManifest.xml:2:1-11:12
MERGED from [coder.siy:password-textView:1.0.0] AndroidManifest.xml:2:1-11:12
MERGED from [cn.bingoogolapple:bga-photopicker:1.2.8] AndroidManifest.xml:2:1-50:12
MERGED from [cn.bingoogolapple:bga-baseadapter:1.2.9] AndroidManifest.xml:2:1-10:12
MERGED from [cn.bingoogolapple:bga-flowlayout:1.0.0] AndroidManifest.xml:2:1-10:12
MERGED from [cn.bingoogolapple:bga-zxing:1.1.7] AndroidManifest.xml:2:1-10:12
MERGED from [cn.bingoogolapple:bga-qrcodecore:1.1.7] AndroidManifest.xml:2:1-10:12
MERGED from [com.github.CymChad:BaseRecyclerViewAdapterHelper:2.9.30] AndroidManifest.xml:2:1-11:12
MERGED from [androidx.fragment:fragment:1.1.0-alpha05] AndroidManifest.xml:17:1-22:12
MERGED from [androidx.appcompat:appcompat-resources:1.1.0-alpha03] AndroidManifest.xml:17:1-22:12
MERGED from [androidx.vectordrawable:vectordrawable-animated:1.0.0] AndroidManifest.xml:17:1-22:12
MERGED from [androidx.legacy:legacy-support-core-ui:1.0.0] AndroidManifest.xml:17:1-22:12
MERGED from [androidx.drawerlayout:drawerlayout:1.0.0] AndroidManifest.xml:17:1-22:12
MERGED from [androidx.media:media:1.0.0-beta01] AndroidManifest.xml:17:1-22:12
MERGED from [androidx.legacy:legacy-support-core-utils:1.0.0] AndroidManifest.xml:17:1-22:12
MERGED from [androidx.coordinatorlayout:coordinatorlayout:1.1.0-alpha01] AndroidManifest.xml:17:1-22:12
MERGED from [androidx.transition:transition:1.0.1] AndroidManifest.xml:17:1-22:12
MERGED from [androidx.vectordrawable:vectordrawable:1.1.0-alpha01] AndroidManifest.xml:17:1-22:12
MERGED from [androidx.viewpager:viewpager:1.0.0] AndroidManifest.xml:17:1-22:12
MERGED from [androidx.slidingpanelayout:slidingpanelayout:1.0.0] AndroidManifest.xml:17:1-22:12
MERGED from [androidx.customview:customview:1.0.0] AndroidManifest.xml:17:1-22:12
MERGED from [com.jakewharton:butterknife-runtime:10.0.0] AndroidManifest.xml:2:1-7:12
MERGED from [androidx.loader:loader:1.0.0] AndroidManifest.xml:17:1-22:12
MERGED from [androidx.activity:activity:1.0.0-alpha05] AndroidManifest.xml:17:1-22:12
MERGED from [androidx.swiperefreshlayout:swiperefreshlayout:1.0.0] AndroidManifest.xml:17:1-22:12
MERGED from [androidx.asynclayoutinflater:asynclayoutinflater:1.0.0] AndroidManifest.xml:17:1-22:12
MERGED from [androidx.core:core:1.1.0-alpha05] AndroidManifest.xml:17:1-24:12
MERGED from [androidx.cursoradapter:cursoradapter:1.0.0] AndroidManifest.xml:17:1-22:12
MERGED from [androidx.exifinterface:exifinterface:1.0.0-beta01] AndroidManifest.xml:17:1-22:12
MERGED from [androidx.versionedparcelable:versionedparcelable:1.1.0-alpha02] AndroidManifest.xml:17:1-25:12
MERGED from [androidx.interpolator:interpolator:1.0.0] AndroidManifest.xml:17:1-22:12
MERGED from [androidx.documentfile:documentfile:1.0.0] AndroidManifest.xml:17:1-22:12
MERGED from [androidx.localbroadcastmanager:localbroadcastmanager:1.0.0] AndroidManifest.xml:17:1-22:12
MERGED from [androidx.print:print:1.0.0] AndroidManifest.xml:17:1-22:12
MERGED from [androidx.lifecycle:lifecycle-viewmodel:2.1.0-alpha03] AndroidManifest.xml:17:1-22:12
MERGED from [androidx.savedstate:savedstate:1.0.0-alpha02] AndroidManifest.xml:17:1-22:12
MERGED from [androidx.lifecycle:lifecycle-livedata:2.0.0] AndroidManifest.xml:17:1-22:12
MERGED from [androidx.lifecycle:lifecycle-livedata-core:2.0.0] AndroidManifest.xml:17:1-22:12
MERGED from [androidx.arch.core:core-runtime:2.0.0] AndroidManifest.xml:17:1-22:12
MERGED from [androidx.lifecycle:lifecycle-runtime:2.1.0-alpha03] AndroidManifest.xml:17:1-22:12
MERGED from [com.github.bumptech.glide:gifdecoder:4.9.0] AndroidManifest.xml:2:1-11:12
INJECTED from src\main\AndroidManifest.xml:2:1-370:12
INJECTED from src\main\AndroidManifest.xml:2:1-370:12
INJECTED from src\main\AndroidManifest.xml:2:1-370:12
	package
		ADDED from src\main\AndroidManifest.xml:4:5-30
		INJECTED from src\main\AndroidManifest.xml
		INJECTED from src\main\AndroidManifest.xml
	android:versionName
		INJECTED from src\main\AndroidManifest.xml
		ADDED from src\main\AndroidManifest.xml:2:1-370:12
		INJECTED from src\main\AndroidManifest.xml
	xmlns:tools
		ADDED from src\main\AndroidManifest.xml:3:5-51
	android:versionCode
		INJECTED from src\main\AndroidManifest.xml
		ADDED from src\main\AndroidManifest.xml:2:1-370:12
		INJECTED from src\main\AndroidManifest.xml
	xmlns:android
		ADDED from src\main\AndroidManifest.xml:2:11-69
uses-permission#android.permission.MOUNT_UNMOUNT_FILESYSTEMS
ADDED from src\main\AndroidManifest.xml:13:5-84
	android:name
		ADDED from src\main\AndroidManifest.xml:13:22-81
uses-permission#android.permission.WRITE_EXTERNAL_STORAGE
ADDED from src\main\AndroidManifest.xml:16:5-81
MERGED from [com.aliyun.dpa:oss-android-sdk:2.9.2] AndroidManifest.xml:14:5-81
MERGED from [com.aliyun.dpa:oss-android-sdk:2.9.2] AndroidManifest.xml:14:5-81
MERGED from [:IMLib] AndroidManifest.xml:11:5-81
MERGED from [:IMLib] AndroidManifest.xml:11:5-81
MERGED from [cn.bingoogolapple:bga-photopicker:1.2.8] AndroidManifest.xml:10:5-81
MERGED from [cn.bingoogolapple:bga-photopicker:1.2.8] AndroidManifest.xml:10:5-81
	android:name
		ADDED from src\main\AndroidManifest.xml:16:22-78
uses-permission#android.permission.READ_EXTERNAL_STORAGE
ADDED from src\main\AndroidManifest.xml:17:5-80
MERGED from [:IMKit] AndroidManifest.xml:11:5-80
MERGED from [:IMKit] AndroidManifest.xml:11:5-80
MERGED from [cn.bingoogolapple:bga-photopicker:1.2.8] AndroidManifest.xml:9:5-80
MERGED from [cn.bingoogolapple:bga-photopicker:1.2.8] AndroidManifest.xml:9:5-80
	android:name
		ADDED from src\main\AndroidManifest.xml:17:22-77
uses-permission#android.permission.INTERNET
ADDED from src\main\AndroidManifest.xml:18:5-67
MERGED from [com.aliyun.dpa:oss-android-sdk:2.9.2] AndroidManifest.xml:11:5-67
MERGED from [com.aliyun.dpa:oss-android-sdk:2.9.2] AndroidManifest.xml:11:5-67
MERGED from [:IMLib] AndroidManifest.xml:12:5-67
MERGED from [:IMLib] AndroidManifest.xml:12:5-67
	android:name
		ADDED from src\main\AndroidManifest.xml:18:22-64
uses-permission#android.permission.ACCESS_COARSE_LOCATION
ADDED from src\main\AndroidManifest.xml:19:5-81
MERGED from [:IMKit] AndroidManifest.xml:12:5-81
MERGED from [:IMKit] AndroidManifest.xml:12:5-81
	android:name
		ADDED from src\main\AndroidManifest.xml:19:22-78
uses-permission#android.permission.READ_PHONE_STATE
ADDED from src\main\AndroidManifest.xml:20:5-75
	android:name
		ADDED from src\main\AndroidManifest.xml:20:22-72
uses-permission#android.permission.GET_TASKS
ADDED from src\main\AndroidManifest.xml:21:5-68
MERGED from [:IMKit] AndroidManifest.xml:21:5-68
MERGED from [:IMKit] AndroidManifest.xml:21:5-68
	android:name
		ADDED from src\main\AndroidManifest.xml:21:22-65
uses-permission#android.permission.INTERACT_ACROSS_USERS_FULL
ADDED from src\main\AndroidManifest.xml:22:5-23:72
MERGED from [:IMKit] AndroidManifest.xml:15:5-85
MERGED from [:IMKit] AndroidManifest.xml:15:5-85
	android:name
		ADDED from src\main\AndroidManifest.xml:23:9-69
uses-permission#android.permission.ACCESS_WIFI_STATE
ADDED from src\main\AndroidManifest.xml:24:5-76
MERGED from [com.aliyun.dpa:oss-android-sdk:2.9.2] AndroidManifest.xml:13:5-76
MERGED from [com.aliyun.dpa:oss-android-sdk:2.9.2] AndroidManifest.xml:13:5-76
MERGED from [:IMLib] AndroidManifest.xml:14:5-76
MERGED from [:IMLib] AndroidManifest.xml:14:5-76
	android:name
		ADDED from src\main\AndroidManifest.xml:24:22-73
uses-permission#android.permission.ACCESS_NETWORK_STATE
ADDED from src\main\AndroidManifest.xml:25:5-79
MERGED from [com.aliyun.dpa:oss-android-sdk:2.9.2] AndroidManifest.xml:12:5-79
MERGED from [com.aliyun.dpa:oss-android-sdk:2.9.2] AndroidManifest.xml:12:5-79
MERGED from [:IMLib] AndroidManifest.xml:13:5-79
MERGED from [:IMLib] AndroidManifest.xml:13:5-79
	android:name
		ADDED from src\main\AndroidManifest.xml:25:22-76
uses-permission#android.permission.CAMERA
ADDED from src\main\AndroidManifest.xml:26:5-65
MERGED from [:IMKit] AndroidManifest.xml:13:5-65
MERGED from [:IMKit] AndroidManifest.xml:13:5-65
MERGED from [cn.bingoogolapple:bga-photopicker:1.2.8] AndroidManifest.xml:11:5-65
MERGED from [cn.bingoogolapple:bga-photopicker:1.2.8] AndroidManifest.xml:11:5-65
	android:name
		ADDED from src\main\AndroidManifest.xml:26:22-62
uses-permission#android.permission.RECORD_AUDIO
ADDED from src\main\AndroidManifest.xml:27:5-71
MERGED from [:IMKit] AndroidManifest.xml:18:5-71
MERGED from [:IMKit] AndroidManifest.xml:18:5-71
	android:name
		ADDED from src\main\AndroidManifest.xml:27:22-68
uses-permission#android.permission.VIBRATE
ADDED from src\main\AndroidManifest.xml:28:5-66
MERGED from [:IMKit] AndroidManifest.xml:20:5-66
MERGED from [:IMKit] AndroidManifest.xml:20:5-66
	android:name
		ADDED from src\main\AndroidManifest.xml:28:22-63
uses-permission#android.permission.WAKE_LOCK
ADDED from src\main\AndroidManifest.xml:29:5-68
MERGED from [:IMLib] AndroidManifest.xml:15:5-68
MERGED from [:IMLib] AndroidManifest.xml:15:5-68
	android:name
		ADDED from src\main\AndroidManifest.xml:29:22-65
uses-permission#android.permission.WRITE_SETTINGS
ADDED from src\main\AndroidManifest.xml:30:5-32:47
MERGED from [:IMKit] AndroidManifest.xml:14:5-73
MERGED from [:IMKit] AndroidManifest.xml:14:5-73
	tools:ignore
		ADDED from src\main\AndroidManifest.xml:32:9-44
	android:name
		ADDED from src\main\AndroidManifest.xml:31:9-57
uses-permission#android.permission.MODIFY_AUDIO_SETTINGS
ADDED from src\main\AndroidManifest.xml:33:5-80
MERGED from [:IMKit] AndroidManifest.xml:19:5-80
MERGED from [:IMKit] AndroidManifest.xml:19:5-80
	android:name
		ADDED from src\main\AndroidManifest.xml:33:22-77
uses-permission#android.permission.KILL_BACKGROUND_PROCESSES
ADDED from src\main\AndroidManifest.xml:34:5-84
	android:name
		ADDED from src\main\AndroidManifest.xml:34:22-81
uses-permission#android.permission.READ_CONTACTS
ADDED from src\main\AndroidManifest.xml:35:5-72
	android:name
		ADDED from src\main\AndroidManifest.xml:35:22-69
uses-permission#android.permission.ACCESS_FINE_LOCATION
ADDED from src\main\AndroidManifest.xml:36:5-79
MERGED from [:IMLib] AndroidManifest.xml:16:5-79
MERGED from [:IMLib] AndroidManifest.xml:16:5-79
	android:name
		ADDED from src\main\AndroidManifest.xml:36:22-76
uses-permission#android.permission.RECEIVE_BOOT_COMPLETED
ADDED from src\main\AndroidManifest.xml:37:5-81
	android:name
		ADDED from src\main\AndroidManifest.xml:37:22-78
application
ADDED from src\main\AndroidManifest.xml:39:5-368:19
MERGED from [com.ashokvarma.android:bottom-navigation-bar:1.3.1] AndroidManifest.xml:11:5-13:38
MERGED from [com.ashokvarma.android:bottom-navigation-bar:1.3.1] AndroidManifest.xml:11:5-13:38
MERGED from [org.liang.library:jpermission:1.0.2] AndroidManifest.xml:11:5-16:19
MERGED from [org.liang.library:jpermission:1.0.2] AndroidManifest.xml:11:5-16:19
MERGED from [com.ziyeyouhu:customizekeyboard:1.0.0] AndroidManifest.xml:11:5-15:19
MERGED from [com.ziyeyouhu:customizekeyboard:1.0.0] AndroidManifest.xml:11:5-15:19
MERGED from [com.google.android.material:material:1.1.0-alpha04] AndroidManifest.xml:22:5-20
MERGED from [com.google.android.material:material:1.1.0-alpha04] AndroidManifest.xml:22:5-20
MERGED from [:IMKit] AndroidManifest.xml:24:5-107:19
MERGED from [:IMKit] AndroidManifest.xml:24:5-107:19
MERGED from [com.aliyun.dpa:oss-android-sdk:2.9.2] AndroidManifest.xml:17:5-20:19
MERGED from [com.aliyun.dpa:oss-android-sdk:2.9.2] AndroidManifest.xml:17:5-20:19
MERGED from [androidx.constraintlayout:constraintlayout:1.1.3] AndroidManifest.xml:9:5-20
MERGED from [androidx.constraintlayout:constraintlayout:1.1.3] AndroidManifest.xml:9:5-20
MERGED from [com.blankj:utilcodex:1.23.7] AndroidManifest.xml:9:5-27:19
MERGED from [com.blankj:utilcodex:1.23.7] AndroidManifest.xml:9:5-27:19
MERGED from [:IMLib] AndroidManifest.xml:18:5-68:19
MERGED from [:IMLib] AndroidManifest.xml:18:5-68:19
MERGED from [com.github.bumptech.glide:glide:4.9.0] AndroidManifest.xml:10:5-20
MERGED from [com.github.bumptech.glide:glide:4.9.0] AndroidManifest.xml:10:5-20
MERGED from [cn.bingoogolapple:bga-photopicker:1.2.8] AndroidManifest.xml:13:5-48:19
MERGED from [cn.bingoogolapple:bga-photopicker:1.2.8] AndroidManifest.xml:13:5-48:19
MERGED from [androidx.core:core:1.1.0-alpha05] AndroidManifest.xml:22:5-89
MERGED from [androidx.core:core:1.1.0-alpha05] AndroidManifest.xml:22:5-89
MERGED from [androidx.versionedparcelable:versionedparcelable:1.1.0-alpha02] AndroidManifest.xml:22:5-23:19
MERGED from [androidx.versionedparcelable:versionedparcelable:1.1.0-alpha02] AndroidManifest.xml:22:5-23:19
MERGED from [com.github.bumptech.glide:gifdecoder:4.9.0] AndroidManifest.xml:9:5-20
MERGED from [com.github.bumptech.glide:gifdecoder:4.9.0] AndroidManifest.xml:9:5-20
	android:appComponentFactory
		ADDED from [androidx.core:core:1.1.0-alpha05] AndroidManifest.xml:22:18-86
	android:supportsRtl
		ADDED from src\main\AndroidManifest.xml:44:9-35
	android:label
		ADDED from src\main\AndroidManifest.xml:42:9-41
	tools:ignore
		ADDED from src\main\AndroidManifest.xml:47:9-48
	android:roundIcon
		ADDED from src\main\AndroidManifest.xml:43:9-54
	android:allowBackup
		ADDED from [com.ashokvarma.android:bottom-navigation-bar:1.3.1] AndroidManifest.xml:12:9-35
	android:icon
		ADDED from src\main\AndroidManifest.xml:41:9-43
	android:theme
		ADDED from src\main\AndroidManifest.xml:45:9-40
	android:usesCleartextTraffic
		ADDED from src\main\AndroidManifest.xml:46:9-44
	android:name
		ADDED from src\main\AndroidManifest.xml:40:9-36
activity#com.zxjk.duoduo.ui.WelcomeActivity
ADDED from src\main\AndroidManifest.xml:50:9-64:20
	android:screenOrientation
		ADDED from src\main\AndroidManifest.xml:56:13-49
	android:launchMode
		ADDED from src\main\AndroidManifest.xml:54:13-48
	android:windowSoftInputMode
		ADDED from src\main\AndroidManifest.xml:58:13-72
	android:resizeableActivity
		ADDED from src\main\AndroidManifest.xml:55:13-46
	android:configChanges
		ADDED from src\main\AndroidManifest.xml:53:13-74
	android:theme
		ADDED from src\main\AndroidManifest.xml:57:13-57
	android:name
		ADDED from src\main\AndroidManifest.xml:51:13-62
intent-filter#action:name:android.intent.action.MAIN+category:name:android.intent.category.LAUNCHER
ADDED from src\main\AndroidManifest.xml:59:13-63:29
action#android.intent.action.MAIN
ADDED from src\main\AndroidManifest.xml:60:17-69
	android:name
		ADDED from src\main\AndroidManifest.xml:60:25-66
category#android.intent.category.LAUNCHER
ADDED from src\main\AndroidManifest.xml:62:17-77
	android:name
		ADDED from src\main\AndroidManifest.xml:62:27-74
activity#com.zxjk.duoduo.ui.minepage.SettingActivity
ADDED from src\main\AndroidManifest.xml:65:9-65
	android:name
		ADDED from src\main\AndroidManifest.xml:65:19-62
activity#com.zxjk.duoduo.ui.minepage.UserInfoActivity
ADDED from src\main\AndroidManifest.xml:66:9-66
	android:name
		ADDED from src\main\AndroidManifest.xml:66:19-63
provider#androidx.core.content.FileProvider
ADDED from src\main\AndroidManifest.xml:68:9-76:20
	android:grantUriPermissions
		ADDED from src\main\AndroidManifest.xml:72:13-47
	android:authorities
		ADDED from src\main\AndroidManifest.xml:70:13-63
	android:exported
		ADDED from src\main\AndroidManifest.xml:71:13-37
	android:name
		ADDED from src\main\AndroidManifest.xml:69:13-62
meta-data#android.support.FILE_PROVIDER_PATHS
ADDED from src\main\AndroidManifest.xml:73:13-75:53
	android:resource
		ADDED from src\main\AndroidManifest.xml:75:17-50
	android:name
		ADDED from src\main\AndroidManifest.xml:74:17-67
activity#com.zxjk.duoduo.ui.minepage.ChangeSignActivity
ADDED from src\main\AndroidManifest.xml:77:9-94:20
	android:screenOrientation
		ADDED from src\main\AndroidManifest.xml:82:13-49
	android:launchMode
		ADDED from src\main\AndroidManifest.xml:81:13-44
	android:windowSoftInputMode
		ADDED from src\main\AndroidManifest.xml:83:13-72
	android:configChanges
		ADDED from src\main\AndroidManifest.xml:80:13-74
	android:name
		ADDED from src\main\AndroidManifest.xml:78:13-59
intent-filter#action:name:android.intent.action.VIEW+category:name:android.intent.category.DEFAULT+data:host:com.zxjk.duoduo+data:pathPrefix:/push_message+data:scheme:rong
ADDED from src\main\AndroidManifest.xml:84:13-93:29
action#android.intent.action.VIEW
ADDED from src\main\AndroidManifest.xml:85:17-69
	android:name
		ADDED from src\main\AndroidManifest.xml:85:25-66
category#android.intent.category.DEFAULT
ADDED from src\main\AndroidManifest.xml:87:17-76
	android:name
		ADDED from src\main\AndroidManifest.xml:87:27-73
data
ADDED from src\main\AndroidManifest.xml:89:17-92:45
	android:host
		ADDED from src\main\AndroidManifest.xml:90:21-51
	android:scheme
		ADDED from src\main\AndroidManifest.xml:92:21-42
	android:pathPrefix
		ADDED from src\main\AndroidManifest.xml:91:21-55
activity#com.zxjk.duoduo.ui.base.BaseActivity
ADDED from src\main\AndroidManifest.xml:95:9-113:20
	android:screenOrientation
		ADDED from src\main\AndroidManifest.xml:100:13-49
	android:launchMode
		ADDED from src\main\AndroidManifest.xml:99:13-44
	android:windowSoftInputMode
		ADDED from src\main\AndroidManifest.xml:101:13-72
	android:configChanges
		ADDED from src\main\AndroidManifest.xml:98:13-74
	android:name
		ADDED from src\main\AndroidManifest.xml:96:13-49
activity#com.zxjk.duoduo.ui.LoginActivity
ADDED from src\main\AndroidManifest.xml:115:9-133:20
	android:screenOrientation
		ADDED from src\main\AndroidManifest.xml:120:13-49
	android:launchMode
		ADDED from src\main\AndroidManifest.xml:119:13-44
	android:windowSoftInputMode
		ADDED from src\main\AndroidManifest.xml:121:13-72
	android:configChanges
		ADDED from src\main\AndroidManifest.xml:118:13-74
	android:name
		ADDED from src\main\AndroidManifest.xml:116:13-45
activity#com.zxjk.duoduo.ui.EditPersonalInformationFragment
ADDED from src\main\AndroidManifest.xml:134:9-152:20
	android:screenOrientation
		ADDED from src\main\AndroidManifest.xml:139:13-49
	android:launchMode
		ADDED from src\main\AndroidManifest.xml:138:13-44
	android:windowSoftInputMode
		ADDED from src\main\AndroidManifest.xml:140:13-72
	android:configChanges
		ADDED from src\main\AndroidManifest.xml:137:13-74
	android:name
		ADDED from src\main\AndroidManifest.xml:135:13-63
activity#com.zxjk.duoduo.ui.msg.AddFriendActivity
ADDED from src\main\AndroidManifest.xml:153:9-171:20
	android:screenOrientation
		ADDED from src\main\AndroidManifest.xml:158:13-49
	android:launchMode
		ADDED from src\main\AndroidManifest.xml:157:13-44
	android:windowSoftInputMode
		ADDED from src\main\AndroidManifest.xml:159:13-72
	android:configChanges
		ADDED from src\main\AndroidManifest.xml:156:13-74
	android:name
		ADDED from src\main\AndroidManifest.xml:154:13-53
activity#com.zxjk.duoduo.ui.msg.QrCodeActivity
ADDED from src\main\AndroidManifest.xml:172:9-190:20
	android:screenOrientation
		ADDED from src\main\AndroidManifest.xml:177:13-49
	android:launchMode
		ADDED from src\main\AndroidManifest.xml:176:13-44
	android:windowSoftInputMode
		ADDED from src\main\AndroidManifest.xml:178:13-72
	android:configChanges
		ADDED from src\main\AndroidManifest.xml:175:13-74
	android:name
		ADDED from src\main\AndroidManifest.xml:173:13-50
activity#com.zxjk.duoduo.ui.msg.MyQrCodeActivity
ADDED from src\main\AndroidManifest.xml:191:9-209:20
	android:screenOrientation
		ADDED from src\main\AndroidManifest.xml:196:13-49
	android:launchMode
		ADDED from src\main\AndroidManifest.xml:195:13-44
	android:windowSoftInputMode
		ADDED from src\main\AndroidManifest.xml:197:13-72
	android:configChanges
		ADDED from src\main\AndroidManifest.xml:194:13-74
	android:name
		ADDED from src\main\AndroidManifest.xml:192:13-52
activity#com.zxjk.duoduo.ui.HomeActivity
ADDED from src\main\AndroidManifest.xml:210:9-228:20
	android:screenOrientation
		ADDED from src\main\AndroidManifest.xml:215:13-49
	android:launchMode
		ADDED from src\main\AndroidManifest.xml:214:13-44
	android:windowSoftInputMode
		ADDED from src\main\AndroidManifest.xml:216:13-72
	android:configChanges
		ADDED from src\main\AndroidManifest.xml:213:13-74
	android:name
		ADDED from src\main\AndroidManifest.xml:211:13-44
activity#com.zxjk.duoduo.ui.ChangeLanguageActivity
ADDED from src\main\AndroidManifest.xml:229:9-247:20
	android:screenOrientation
		ADDED from src\main\AndroidManifest.xml:234:13-49
	android:launchMode
		ADDED from src\main\AndroidManifest.xml:233:13-44
	android:windowSoftInputMode
		ADDED from src\main\AndroidManifest.xml:235:13-72
	android:configChanges
		ADDED from src\main\AndroidManifest.xml:232:13-74
	android:name
		ADDED from src\main\AndroidManifest.xml:230:13-54
activity#com.zxjk.duoduo.ui.CountrySelectActivity
ADDED from src\main\AndroidManifest.xml:248:9-266:20
	android:screenOrientation
		ADDED from src\main\AndroidManifest.xml:253:13-49
	android:launchMode
		ADDED from src\main\AndroidManifest.xml:252:13-44
	android:windowSoftInputMode
		ADDED from src\main\AndroidManifest.xml:254:13-72
	android:configChanges
		ADDED from src\main\AndroidManifest.xml:251:13-74
	android:name
		ADDED from src\main\AndroidManifest.xml:249:13-53
activity#com.zxjk.duoduo.ui.ForgetRegisterActivity
ADDED from src\main\AndroidManifest.xml:267:9-285:20
	android:screenOrientation
		ADDED from src\main\AndroidManifest.xml:272:13-49
	android:launchMode
		ADDED from src\main\AndroidManifest.xml:271:13-44
	android:windowSoftInputMode
		ADDED from src\main\AndroidManifest.xml:273:13-72
	android:configChanges
		ADDED from src\main\AndroidManifest.xml:270:13-74
	android:name
		ADDED from src\main\AndroidManifest.xml:268:13-54
activity#com.zxjk.duoduo.ui.SetUpPaymentPwdFragment
ADDED from src\main\AndroidManifest.xml:286:9-304:20
	android:screenOrientation
		ADDED from src\main\AndroidManifest.xml:291:13-49
	android:launchMode
		ADDED from src\main\AndroidManifest.xml:290:13-44
	android:windowSoftInputMode
		ADDED from src\main\AndroidManifest.xml:292:13-72
	android:configChanges
		ADDED from src\main\AndroidManifest.xml:289:13-74
	android:name
		ADDED from src\main\AndroidManifest.xml:287:13-55
activity#com.zxjk.duoduo.ui.RegisterActivity
ADDED from src\main\AndroidManifest.xml:305:9-323:20
	android:screenOrientation
		ADDED from src\main\AndroidManifest.xml:310:13-49
	android:launchMode
		ADDED from src\main\AndroidManifest.xml:309:13-44
	android:windowSoftInputMode
		ADDED from src\main\AndroidManifest.xml:311:13-72
	android:configChanges
		ADDED from src\main\AndroidManifest.xml:308:13-74
	android:name
		ADDED from src\main\AndroidManifest.xml:306:13-48
activity#com.zxjk.duoduo.ui.base.ContentActivity
ADDED from src\main\AndroidManifest.xml:326:9-344:20
	android:screenOrientation
		ADDED from src\main\AndroidManifest.xml:331:13-49
	android:launchMode
		ADDED from src\main\AndroidManifest.xml:330:13-44
	android:windowSoftInputMode
		ADDED from src\main\AndroidManifest.xml:332:13-72
	android:configChanges
		ADDED from src\main\AndroidManifest.xml:329:13-74
	android:name
		ADDED from src\main\AndroidManifest.xml:327:13-52
receiver#com.zxjk.duoduo.ui.msg.RongIMUtils.SealNotificationReceiver
ADDED from src\main\AndroidManifest.xml:347:9-355:20
	android:exported
		ADDED from src\main\AndroidManifest.xml:349:13-36
	android:name
		ADDED from src\main\AndroidManifest.xml:348:13-72
intent-filter#action:name:io.rong.push.intent.MESSAGE_ARRIVED+action:name:io.rong.push.intent.MESSAGE_CLICKED+action:name:io.rong.push.intent.THIRD_PARTY_PUSH_STATE
ADDED from src\main\AndroidManifest.xml:350:13-354:29
action#io.rong.push.intent.MESSAGE_ARRIVED
ADDED from src\main\AndroidManifest.xml:351:17-78
	android:name
		ADDED from src\main\AndroidManifest.xml:351:25-75
action#io.rong.push.intent.MESSAGE_CLICKED
ADDED from src\main\AndroidManifest.xml:352:17-78
	android:name
		ADDED from src\main\AndroidManifest.xml:352:25-75
action#io.rong.push.intent.THIRD_PARTY_PUSH_STATE
ADDED from src\main\AndroidManifest.xml:353:17-85
	android:name
		ADDED from src\main\AndroidManifest.xml:353:25-82
uses-sdk
INJECTED from src\main\AndroidManifest.xml reason: use-sdk injection requested
INJECTED from src\main\AndroidManifest.xml
INJECTED from src\main\AndroidManifest.xml
MERGED from [androidx.multidex:multidex:2.0.0] AndroidManifest.xml:20:5-43
MERGED from [androidx.multidex:multidex:2.0.0] AndroidManifest.xml:20:5-43
MERGED from [com.ashokvarma.android:bottom-navigation-bar:1.3.1] AndroidManifest.xml:7:5-9:41
MERGED from [com.ashokvarma.android:bottom-navigation-bar:1.3.1] AndroidManifest.xml:7:5-9:41
MERGED from [org.liang.library:jpermission:1.0.2] AndroidManifest.xml:7:5-9:41
MERGED from [org.liang.library:jpermission:1.0.2] AndroidManifest.xml:7:5-9:41
MERGED from [com.ziyeyouhu:customizekeyboard:1.0.0] AndroidManifest.xml:7:5-9:41
MERGED from [com.ziyeyouhu:customizekeyboard:1.0.0] AndroidManifest.xml:7:5-9:41
MERGED from [com.trello.rxlifecycle3:rxlifecycle-components:3.0.0] AndroidManifest.xml:16:5-44
MERGED from [com.trello.rxlifecycle3:rxlifecycle-components:3.0.0] AndroidManifest.xml:16:5-44
MERGED from [com.google.android.material:material:1.1.0-alpha04] AndroidManifest.xml:20:5-44
MERGED from [com.google.android.material:material:1.1.0-alpha04] AndroidManifest.xml:20:5-44
MERGED from [androidx.appcompat:appcompat:1.1.0-alpha03] AndroidManifest.xml:20:5-44
MERGED from [androidx.appcompat:appcompat:1.1.0-alpha03] AndroidManifest.xml:20:5-44
MERGED from [:IMKit] AndroidManifest.xml:7:5-9:41
MERGED from [:IMKit] AndroidManifest.xml:7:5-9:41
MERGED from [androidx.legacy:legacy-support-v4:1.0.0-beta01] AndroidManifest.xml:20:5-44
MERGED from [androidx.legacy:legacy-support-v4:1.0.0-beta01] AndroidManifest.xml:20:5-44
MERGED from [com.trello.rxlifecycle3:rxlifecycle-android:3.0.0] AndroidManifest.xml:16:5-44
MERGED from [com.trello.rxlifecycle3:rxlifecycle-android:3.0.0] AndroidManifest.xml:16:5-44
MERGED from [io.reactivex.rxjava2:rxandroid:2.1.1] AndroidManifest.xml:18:5-43
MERGED from [io.reactivex.rxjava2:rxandroid:2.1.1] AndroidManifest.xml:18:5-43
MERGED from [com.aliyun.dpa:oss-android-sdk:2.9.2] AndroidManifest.xml:7:5-9:41
MERGED from [com.aliyun.dpa:oss-android-sdk:2.9.2] AndroidManifest.xml:7:5-9:41
MERGED from [androidx.recyclerview:recyclerview:1.1.0-alpha03] AndroidManifest.xml:20:5-44
MERGED from [androidx.recyclerview:recyclerview:1.1.0-alpha03] AndroidManifest.xml:20:5-44
MERGED from [androidx.cardview:cardview:1.0.0] AndroidManifest.xml:20:5-44
MERGED from [androidx.cardview:cardview:1.0.0] AndroidManifest.xml:20:5-44
MERGED from [androidx.constraintlayout:constraintlayout:1.1.3] AndroidManifest.xml:5:5-7:41
MERGED from [androidx.constraintlayout:constraintlayout:1.1.3] AndroidManifest.xml:5:5-7:41
MERGED from [com.blankj:utilcodex:1.23.7] AndroidManifest.xml:7:5-44
MERGED from [com.blankj:utilcodex:1.23.7] AndroidManifest.xml:7:5-44
MERGED from [com.github.ybq:Android-SpinKit:1.2.0] AndroidManifest.xml:5:5-7:41
MERGED from [com.github.ybq:Android-SpinKit:1.2.0] AndroidManifest.xml:5:5-7:41
MERGED from [com.jakewharton:butterknife:10.0.0] AndroidManifest.xml:5:5-44
MERGED from [com.jakewharton:butterknife:10.0.0] AndroidManifest.xml:5:5-44
MERGED from [:IMLib] AndroidManifest.xml:7:5-9:41
MERGED from [:IMLib] AndroidManifest.xml:7:5-9:41
MERGED from [com.github.bumptech.glide:glide:4.9.0] AndroidManifest.xml:6:5-8:41
MERGED from [com.github.bumptech.glide:glide:4.9.0] AndroidManifest.xml:6:5-8:41
MERGED from [top.zibin:Luban:1.1.3] AndroidManifest.xml:7:5-9:41
MERGED from [top.zibin:Luban:1.1.3] AndroidManifest.xml:7:5-9:41
MERGED from [coder.siy:password-textView:1.0.0] AndroidManifest.xml:7:5-9:41
MERGED from [coder.siy:password-textView:1.0.0] AndroidManifest.xml:7:5-9:41
MERGED from [cn.bingoogolapple:bga-photopicker:1.2.8] AndroidManifest.xml:5:5-7:41
MERGED from [cn.bingoogolapple:bga-photopicker:1.2.8] AndroidManifest.xml:5:5-7:41
MERGED from [cn.bingoogolapple:bga-baseadapter:1.2.9] AndroidManifest.xml:6:5-8:41
MERGED from [cn.bingoogolapple:bga-baseadapter:1.2.9] AndroidManifest.xml:6:5-8:41
MERGED from [cn.bingoogolapple:bga-flowlayout:1.0.0] AndroidManifest.xml:6:5-8:41
MERGED from [cn.bingoogolapple:bga-flowlayout:1.0.0] AndroidManifest.xml:6:5-8:41